#
# A fatal error has been detected by the Java Runtime Environment:
#
#  Internal Error (javaClasses.cpp:136), pid=5788, tid=3984
#  fatal error: Invalid layout of preloaded class
#
# JRE version:  (7.0_51-b13) (build )
# Java VM: Java HotSpot(TM) 64-Bit Server VM (24.51-b03 mixed mode windows-amd64 compressed oops)
# Failed to write core dump. Minidumps are not enabled by default on client versions of Windows
#
# If you would like to submit a bug report, please visit:
#   http://bugreport.sun.com/bugreport/crash.jsp
#

---------------  T H R E A D  ---------------

Current thread (0x000000000043d800):  JavaThread "Unknown thread" [_thread_in_vm, id=3984, stack(0x0000000002730000,0x0000000002830000)]

Stack: [0x0000000002730000,0x0000000002830000]

---------------  P R O C E S S  ---------------

Java Threads: ( => current thread )

Other Threads:

=>0x000000000043d800 (exited) JavaThread "Unknown thread" [_thread_in_vm, id=3984, stack(0x0000000002730000,0x0000000002830000)]

VM state:not at safepoint (not fully initialized)

VM Mutex/Monitor currently owned by a thread: None

GC Heap History (0 events):
No events

Deoptimization events (0 events):
No events

Internal exceptions (0 events):
No events

Events (10 events):
Event: 0.515 loading class 0x000000000248e6b0 done
Event: 0.515 loading class 0x000000000248e0d0 done
Event: 0.515 loading class 0x000000000248e0b0
Event: 0.516 loading class 0x00000000024961f0
Event: 0.523 loading class 0x00000000024961f0 done
Event: 0.523 loading class 0x0000000002496220
Event: 0.523 loading class 0x0000000002496220 done
Event: 0.523 loading class 0x0000000002496250
Event: 0.523 loading class 0x0000000002496250 done
Event: 0.524 loading class 0x000000000248e0b0 done


Dynamic libraries:
0x000000013fc20000 - 0x000000013fc53000 	D:\jdk\bin\javaw.exe
0x0000000077800000 - 0x00000000779a9000 	C:\Windows\SYSTEM32\ntdll.dll
0x00000000775e0000 - 0x00000000776ff000 	C:\Windows\system32\kernel32.dll
0x000007fefd840000 - 0x000007fefd8ab000 	C:\Windows\system32\KERNELBASE.dll
0x000007fefe2c0000 - 0x000007fefe39b000 	C:\Windows\system32\ADVAPI32.dll
0x000007fefe140000 - 0x000007fefe1df000 	C:\Windows\system32\msvcrt.dll
0x000007fefdda0000 - 0x000007fefddbf000 	C:\Windows\SYSTEM32\sechost.dll
0x000007feff240000 - 0x000007feff36d000 	C:\Windows\system32\RPCRT4.dll
0x0000000077700000 - 0x00000000777fa000 	C:\Windows\system32\USER32.dll
0x000007feff970000 - 0x000007feff9d7000 	C:\Windows\system32\GDI32.dll
0x000007feff910000 - 0x000007feff91e000 	C:\Windows\system32\LPK.dll
0x000007fefe3a0000 - 0x000007fefe469000 	C:\Windows\system32\USP10.dll
0x000007fefc200000 - 0x000007fefc3f4000 	C:\Windows\WinSxS\amd64_microsoft.windows.common-controls_6595b64144ccf1df_6.0.7601.17514_none_fa396087175ac9ac\COMCTL32.dll
0x000007fefe240000 - 0x000007fefe2b1000 	C:\Windows\system32\SHLWAPI.dll
0x000007feff210000 - 0x000007feff23e000 	C:\Windows\system32\IMM32.DLL
0x000007feff9e0000 - 0x000007feffae9000 	C:\Windows\system32\MSCTF.dll
0x000000006e9b0000 - 0x000000006ea82000 	D:\jdk\jre\bin\msvcr100.dll
0x000000006cff0000 - 0x000000006d7b9000 	D:\jdk\jre\bin\server\jvm.dll
0x000007fefc140000 - 0x000007fefc149000 	C:\Windows\system32\WSOCK32.dll
0x000007feff920000 - 0x000007feff96d000 	C:\Windows\system32\WS2_32.dll
0x000007feff200000 - 0x000007feff208000 	C:\Windows\system32\NSI.dll
0x000007fefa450000 - 0x000007fefa48b000 	C:\Windows\system32\WINMM.dll
0x00000000779c0000 - 0x00000000779c7000 	C:\Windows\system32\PSAPI.DLL
0x0000000071d60000 - 0x0000000071d6f000 	D:\jdk\jre\bin\verify.dll
0x000000006e980000 - 0x000000006e9a8000 	D:\jdk\jre\bin\java.dll
0x000000006e960000 - 0x000000006e975000 	D:\jdk\jre\bin\zip.dll

VM Arguments:
jvm_args: -Dfile.encoding=GBK -Xbootclasspath:D:\adt\adt-bundle-windows-x86_64-20140702\sdk\platforms\android-21\android.jar 
java_command: com.example.hitnews.pagedeal.Pagedownload
Launcher Type: SUN_STANDARD

Environment Variables:
JAVA_HOME=D:\jdk
CLASSPATH=.;D:\jdk\lib\dt.jar;.;D:\jdk\lib\tools.jar;D:\jdk\apache-tomcat-6.0.41\lib
PATH=C:\Program Files (x86)\NVIDIA Corporation\PhysX\Common;C:\Windows\system32;C:\Windows;C:\Windows\System32\Wbem;C:\Windows\System32\WindowsPowerShell\v1.0\;D:\qudong\IsoBuster;F:\matalab\bin\win32;D:\jdk\bin;D:\jdk\jre\bin;D:\jdk\apache-tomcat-6.0.41\bin
USERNAME=Jige
OS=Windows_NT
PROCESSOR_IDENTIFIER=Intel64 Family 6 Model 42 Stepping 7, GenuineIntel



---------------  S Y S T E M  ---------------

OS: Windows 7 , 64 bit Build 7601 Service Pack 1

CPU:total 2 (2 cores per cpu, 1 threads per core) family 6 model 42 stepping 7, cmov, cx8, fxsr, mmx, sse, sse2, sse3, ssse3, sse4.1, sse4.2, popcnt, tsc, tscinvbit

Memory: 4k page, physical 2074452k(110140k free), swap 4148904k(558016k free)

vm_info: Java HotSpot(TM) 64-Bit Server VM (24.51-b03) for windows-amd64 JRE (1.7.0_51-b13), built on Dec 18 2013 18:40:56 by "java_re" with unknown MS VC++:1600

time: Tue Sep 02 22:55:38 2014
elapsed time: 0 seconds

